\BOOKMARK [1][-]{section*.1}{Inhaltsverzeichnis}{}% 1
\BOOKMARK [1][-]{section.II}{Abbildungsverzeichnis}{}% 2
\BOOKMARK [1][-]{section.III}{Tabellenverzeichnis}{}% 3
\BOOKMARK [1][-]{section.IV}{Listing-Verzeichnis}{}% 4
\BOOKMARK [1][-]{section.V}{Abk\374rzungsverzeichnis}{}% 5
\BOOKMARK [1][-]{section.1}{Einleitung}{}% 6
\BOOKMARK [1][-]{section.2}{Technik}{}% 7
\BOOKMARK [2][-]{subsection.2.1}{Virtual Reality}{section.2}% 8
\BOOKMARK [3][-]{subsubsection.2.1.1}{Allgemein}{subsection.2.1}% 9
\BOOKMARK [3][-]{subsubsection.2.1.2}{Umsetzung und Stand der Technik}{subsection.2.1}% 10
\BOOKMARK [1][-]{section.3}{Technik}{}% 11
\BOOKMARK [2][-]{subsection.3.1}{Augmented Reality}{section.3}% 12
\BOOKMARK [3][-]{subsubsection.3.1.1}{Allgemein}{subsection.3.1}% 13
\BOOKMARK [3][-]{subsubsection.3.1.2}{Umsetzung und Stand der Technik}{subsection.3.1}% 14
\BOOKMARK [2][-]{subsection.3.2}{Bewertung}{section.3}% 15
\BOOKMARK [2][-]{subsection.3.3}{Virtual Augmented Reality}{section.3}% 16
\BOOKMARK [1][-]{section.4}{Hypothese und formale Beschreibung}{}% 17
\BOOKMARK [1][-]{section.5}{Experiment}{}% 18
\BOOKMARK [2][-]{subsection.5.1}{Design}{section.5}% 19
\BOOKMARK [1][-]{section.6}{Quellenverzeichnis}{}% 20
\BOOKMARK [1][-]{section.7}{Beispiele}{}% 21
\BOOKMARK [2][-]{subsection.7.1}{Bilder}{section.7}% 22
\BOOKMARK [2][-]{subsection.7.2}{Tabellen}{section.7}% 23
\BOOKMARK [2][-]{subsection.7.3}{Auflistung}{section.7}% 24
\BOOKMARK [2][-]{subsection.7.4}{Listings}{section.7}% 25
\BOOKMARK [2][-]{subsection.7.5}{Tipps}{section.7}% 26
